<?xml version="1.0" encoding="UTF-8"?>
<testsuite xmlns:xsi="http://www.w3.org/2001/XMLSchema-instance" xsi:noNamespaceSchemaLocation="https://maven.apache.org/surefire/maven-surefire-plugin/xsd/surefire-test-report.xsd" name="com.springboot.mybatis.TestORM" time="1.019" tests="7" errors="0" skipped="0" failures="0">
  <properties>
[...]
</properties>
  <testcase name="testSelectManagerById" classname="com.springboot.mybatis.TestORM" time="0.154"/>
  <testcase name="testSelectPassengerById" classname="com.springboot.mybatis.TestORM" time="0.008"/>
  <testcase name="testSelectAllPassengers" classname="com.springboot.mybatis.TestORM" time="0.008"/>
  <testcase name="testSelectPassportById2" classname="com.springboot.mybatis.TestORM" time="0.005"/>
  <testcase name="testSelectPassportById" classname="com.springboot.mybatis.TestORM" time="0.004"/>
  <testcase name="testSelectManagerCamelById" classname="com.springboot.mybatis.TestORM" time="0.003"/>
  <testcase name="testSelectPassengerById2" classname="com.springboot.mybatis.TestORM" time="0.002"/>
</testsuite>